17.2.8
iOS version : 4.0
LIHKG/4.00 iOS/18.3.1 iPhone/iPhone16,1
assetUrl : https://cdn.lihkg.com/upload/patch/ios.1100b.zip
LIHKG/17.2.8 Android/Pixel1
assetUrl : https://cdn.lihkg.com/upload/patch/an.645b.zip
assets/ios/faces/lihkg/smile_hb.gif
assets/ios/faces_png/lihkg/smile_hb.png
assets/ios/faces/rip/flower.gif
assets/ios/faces_png/rip/flower.png
assets/ios/faces/xm/smile.gif
assets/ios/faces_png/xm/smile.png
assets/ios/faces/dragonxm/smile.gif
assets/ios/faces_png/dragonxm/smile.png
assets/ios/faces/dogxm/smile.gif
assets/ios/faces_png/dogxm/smile.png
assets/ios/faces/pigxm/smile.gif
assets/ios/faces_png/pigxm/smile.png
assets/ios/faces/mousexm/smile.gif
assets/ios/faces_png/mousexm/smile.png
assets/ios/faces/catxm/smile.gif
assets/ios/faces_png/catxm/smile.png
assets/ios/faces/cowxm/smile.gif
assets/ios/faces_png/cowxm/smile.png
assets/ios/faces/tigerxm/smile.gif
assets/ios/faces_png/tigerxm/smile.png
assets/ios/faces/rabbitxm/smile.gif
assets/ios/faces_png/rabbitxm/smile.png
assets/ios/faces/lm2xm/smile.gif
assets/ios/faces_png/lm2xm/smile.png
assets/ios/faces/lny/smile.gif
assets/ios/faces_png/lny/smile.png
assets/ios/faces/mf/smile.png
assets/ios/faces_png/mf/smile.png
assets/ios/faces/normal/smile.gif
assets/ios/faces_png/normal/smile.png
assets/ios/faces/fifa/smile.gif
assets/ios/faces_png/fifa/smile.png
assets/ios/faces/dog/smile.gif
assets/ios/faces_png/dog/smile.png
assets/ios/faces/pig/smile.gif
assets/ios/faces_png/pig/smile.png
assets/ios/faces/snake/smile.gif
assets/ios/faces_png/snake/smile.png
assets/ios/faces/mouse/smile.gif
assets/ios/faces_png/mouse/smile.png
assets/ios/faces/cat/smile.gif
assets/ios/faces_png/cat/smile.png
assets/ios/faces/cow/smile.gif
assets/ios/faces_png/cow/smile.png
assets/ios/faces/tiger/smile.gif
assets/ios/faces_png/tiger/smile.png
assets/ios/faces/rabbit/smile.gif
assets/ios/faces_png/rabbit/smile.png
assets/ios/faces/dragon/smile.gif
assets/ios/faces_png/dragon/smile.png
assets/ios/faces/lm2/smile.gif
assets/ios/faces_png/lm2/smile.png
assets/ios/faces/lm2lny/smile.gif
assets/ios/faces_png/lm2lny/smile.png
assets/ios/faces/fs/smile.gif
assets/ios/faces_png/fs/smile.png
assets/ios/faces/big/smile.gif
assets/ios/faces_png/big/smile.png
assets/ios/faces/lomoji/05.png
assets/ios/faces_png/lomoji/05.png
assets/ios/faces/fatcmoji/fat001.gif
assets/ios/faces_png/fatcmoji/fat001.png
assets/ios/faces/husky/smile.gif
assets/ios/faces_png/husky/smile.png
assets/android/faces/lihkg/smile_hb.gif
assets/android/faces_png/lihkg/smile_hb.png
assets/android/faces/rip/flower.gif
assets/android/faces_png/rip/flower.png
assets/android/faces/xm/smile.gif
assets/android/faces_png/xm/smile.png
assets/android/faces/dragonxm/smile.gif
assets/android/faces_png/dragonxm/smile.png
assets/android/faces/dogxm/smile.gif
assets/android/faces_png/dogxm/smile.png
assets/android/faces/pigxm/smile.gif
assets/android/faces_png/pigxm/smile.png
assets/android/faces/mousexm/smile.gif
assets/android/faces_png/mousexm/smile.png
assets/android/faces/catxm/smile.gif
assets/android/faces_png/catxm/smile.png
assets/android/faces/cowxm/smile.gif
assets/android/faces_png/cowxm/smile.png
assets/android/faces/tigerxm/smile.gif
assets/android/faces_png/tigerxm/smile.png
assets/android/faces/rabbitxm/smile.gif
assets/android/faces_png/rabbitxm/smile.png
assets/android/faces/lm2xm/smile.gif
assets/android/faces_png/lm2xm/smile.png
assets/android/faces/lny/smile.gif
assets/android/faces_png/lny/smile.png
assets/android/faces/mf/smile.png
assets/android/faces_png/mf/smile.png
assets/android/faces/normal/smile.gif
assets/android/faces_png/normal/smile.png
assets/android/faces/fifa/smile.gif
assets/android/faces_png/fifa/smile.png
assets/android/faces/dog/smile.gif
assets/android/faces_png/dog/smile.png
assets/android/faces/pig/smile.gif
assets/android/faces_png/pig/smile.png
assets/android/faces/snake/smile.gif
assets/android/faces_png/snake/smile.png
assets/android/faces/mouse/smile.gif
assets/android/faces_png/mouse/smile.png
assets/android/faces/cat/smile.gif
assets/android/faces_png/cat/smile.png
assets/android/faces/cow/smile.gif
assets/android/faces_png/cow/smile.png
assets/android/faces/tiger/smile.gif
assets/android/faces_png/tiger/smile.png
assets/android/faces/rabbit/smile.gif
assets/android/faces_png/rabbit/smile.png
assets/android/faces/dragon/smile.gif
assets/android/faces_png/dragon/smile.png
assets/android/faces/lm2/smile.gif
assets/android/faces_png/lm2/smile.png
assets/android/faces/lm2lny/smile.gif
assets/android/faces_png/lm2lny/smile.png
assets/android/faces/fs/smile.gif
assets/android/faces_png/fs/smile.png
assets/android/faces/big/smile.gif
assets/android/faces_png/big/smile.png
assets/android/faces/lomoji/05.png
assets/android/faces_png/lomoji/05.png
assets/android/faces/fatcmoji/fat001.gif
assets/android/faces_png/fatcmoji/fat001.png
assets/android/faces/husky/smile.gif
assets/android/faces_png/husky/smile.png
