17.2.8
iOS version : 4.0
LIHKG/4.00 iOS/18.3.1 iPhone/iPhone16,1
assetUrl : https://cdn.lihkg.com/upload/patch/ios.1100b.zip
LIHKG/17.2.8 Android/Pixel1
assetUrl : https://cdn.lihkg.com/upload/patch/an.645b.zip
assets/ios/faces/lihkg/smile_hb.gif
assets/ios/faces/rip/flower.gif
assets/ios/faces/xm/smile.gif
assets/ios/faces/dragonxm/smile.gif
assets/ios/faces/dogxm/smile.gif
assets/ios/faces/pigxm/smile.gif
assets/ios/faces/mousexm/smile.gif
assets/ios/faces/catxm/smile.gif
assets/ios/faces/cowxm/smile.gif
assets/ios/faces/tigerxm/smile.gif
assets/ios/faces/rabbitxm/smile.gif
assets/ios/faces/lm2xm/smile.gif
assets/ios/faces/lny/smile.gif
assets/ios/faces/mf/smile.png
assets/ios/faces/normal/smile.gif
assets/ios/faces/fifa/smile.gif
assets/ios/faces/dog/smile.gif
assets/ios/faces/pig/smile.gif
assets/ios/faces/snake/smile.gif
assets/ios/faces/mouse/smile.gif
assets/ios/faces/cat/smile.gif
assets/ios/faces/cow/smile.gif
assets/ios/faces/tiger/smile.gif
assets/ios/faces/rabbit/smile.gif
assets/ios/faces/dragon/smile.gif
assets/ios/faces/lm2/smile.gif
assets/ios/faces/lm2lny/smile.gif
assets/ios/faces/fs/smile.gif
assets/ios/faces/big/smile.gif
assets/ios/faces/lomoji/05.png
assets/ios/faces/fatcmoji/fat001.gif
assets/ios/faces/husky/smile.gif
assets/android/faces/lihkg/smile_hb.gif
assets/android/faces/rip/flower.gif
assets/android/faces/xm/smile.gif
assets/android/faces/dragonxm/smile.gif
assets/android/faces/dogxm/smile.gif
assets/android/faces/pigxm/smile.gif
assets/android/faces/mousexm/smile.gif
assets/android/faces/catxm/smile.gif
assets/android/faces/cowxm/smile.gif
assets/android/faces/tigerxm/smile.gif
assets/android/faces/rabbitxm/smile.gif
assets/android/faces/lm2xm/smile.gif
assets/android/faces/lny/smile.gif
assets/android/faces/mf/smile.png
assets/android/faces/normal/smile.gif
assets/android/faces/fifa/smile.gif
assets/android/faces/dog/smile.gif
assets/android/faces/pig/smile.gif
assets/android/faces/snake/smile.gif
assets/android/faces/mouse/smile.gif
assets/android/faces/cat/smile.gif
assets/android/faces/cow/smile.gif
assets/android/faces/tiger/smile.gif
assets/android/faces/rabbit/smile.gif
assets/android/faces/dragon/smile.gif
assets/android/faces/lm2/smile.gif
assets/android/faces/lm2lny/smile.gif
assets/android/faces/fs/smile.gif
assets/android/faces/big/smile.gif
assets/android/faces/lomoji/05.png
assets/android/faces/fatcmoji/fat001.gif
assets/android/faces/husky/smile.gif
