17.2.8
iOS version : 4.0
LIHKG/4.00 iOS/18.3.1 iPhone/iPhone16,1
assetUrl : https://cdn.lihkg.com/upload/patch/ios.1100b.zip
LIHKG/17.2.8 Android/Pixel1
assetUrl : https://cdn.lihkg.com/upload/patch/an.645b.zip
[
  '#:)#hb',
  'assets/faces/lihkg/smile_hb.gif',
  'assets/faces_png/lihkg/smile_hb.png'
]
[
  '#flower#rip',
  'assets/faces/rip/flower.gif',
  'assets/faces_png/rip/flower.png'
]
[
  '#:)#xm',
  'assets/faces/xm/smile.gif',
  'assets/faces_png/xm/smile.png'
]
[
  '#:)#dragonxm',
  'assets/faces/dragonxm/smile.gif',
  'assets/faces_png/dragonxm/smile.png'
]
[
  '#:)#dogxm',
  'assets/faces/dogxm/smile.gif',
  'assets/faces_png/dogxm/smile.png'
]
[
  '#:)#pigxm',
  'assets/faces/pigxm/smile.gif',
  'assets/faces_png/pigxm/smile.png'
]
[
  '#:)#mousexm',
  'assets/faces/mousexm/smile.gif',
  'assets/faces_png/mousexm/smile.png'
]
[
  '#:)#catxm',
  'assets/faces/catxm/smile.gif',
  'assets/faces_png/catxm/smile.png'
]
[
  '#:)#cowxm',
  'assets/faces/cowxm/smile.gif',
  'assets/faces_png/cowxm/smile.png'
]
[
  '#:)#tigerxm',
  'assets/faces/tigerxm/smile.gif',
  'assets/faces_png/tigerxm/smile.png'
]
[
  '#:)#rabbitxm',
  'assets/faces/rabbitxm/smile.gif',
  'assets/faces_png/rabbitxm/smile.png'
]
[
  '#:)#lm2xm',
  'assets/faces/lm2xm/smile.gif',
  'assets/faces_png/lm2xm/smile.png'
]
[
  '#:)#lny',
  'assets/faces/lny/smile.gif',
  'assets/faces_png/lny/smile.png'
]
[
  '#:)#mf',
  'assets/faces/mf/smile.png',
  'assets/faces_png/mf/smile.png'
]
[
  ':)',
  'assets/faces/normal/smile.gif',
  'assets/faces_png/normal/smile.png'
]
[
  '#:)#fifa',
  'assets/faces/fifa/smile.gif',
  'assets/faces_png/fifa/smile.png'
]
[
  '#:)#dog',
  'assets/faces/dog/smile.gif',
  'assets/faces_png/dog/smile.png'
]
[
  '#:)#pig',
  'assets/faces/pig/smile.gif',
  'assets/faces_png/pig/smile.png'
]
[
  '#:)#snake',
  'assets/faces/snake/smile.gif',
  'assets/faces_png/snake/smile.png'
]
[
  '#:)#mouse',
  'assets/faces/mouse/smile.gif',
  'assets/faces_png/mouse/smile.png'
]
[
  '#:)#cat',
  'assets/faces/cat/smile.gif',
  'assets/faces_png/cat/smile.png'
]
[
  '#:)#cow',
  'assets/faces/cow/smile.gif',
  'assets/faces_png/cow/smile.png'
]
[
  '#:)#tiger',
  'assets/faces/tiger/smile.gif',
  'assets/faces_png/tiger/smile.png'
]
[
  '#:)#rabbit',
  'assets/faces/rabbit/smile.gif',
  'assets/faces_png/rabbit/smile.png'
]
[
  '#:)#dragon',
  'assets/faces/dragon/smile.gif',
  'assets/faces_png/dragon/smile.png'
]
[
  '#:)#lm2',
  'assets/faces/lm2/smile.gif',
  'assets/faces_png/lm2/smile.png'
]
[
  '#:)#lm2lny',
  'assets/faces/lm2lny/smile.gif',
  'assets/faces_png/lm2lny/smile.png'
]
[
  '#:)#fs',
  'assets/faces/fs/smile.gif',
  'assets/faces_png/fs/smile.png'
]
[
  '#:)#b',
  'assets/faces/big/smile.gif',
  'assets/faces_png/big/smile.png'
]
[
  '#:)#lme',
  'assets/faces/lomoji/05.png',
  'assets/faces_png/lomoji/05.png'
]
[
  '#:)#fatc',
  'assets/faces/fatcmoji/fat001.gif',
  'assets/faces_png/fatcmoji/fat001.png'
]
[
  '#:)#husky',
  'assets/faces/husky/smile.gif',
  'assets/faces_png/husky/smile.png'
]
[
  '#:)#hb',
  'assets/faces/lihkg/smile_hb.gif',
  'assets/faces_png/lihkg/smile_hb.png'
]
[
  '#flower#rip',
  'assets/faces/rip/flower.gif',
  'assets/faces_png/rip/flower.png'
]
[
  '#:)#xm',
  'assets/faces/xm/smile.gif',
  'assets/faces_png/xm/smile.png'
]
[
  '#:)#dragonxm',
  'assets/faces/dragonxm/smile.gif',
  'assets/faces_png/dragonxm/smile.png'
]
[
  '#:)#dogxm',
  'assets/faces/dogxm/smile.gif',
  'assets/faces_png/dogxm/smile.png'
]
[
  '#:)#pigxm',
  'assets/faces/pigxm/smile.gif',
  'assets/faces_png/pigxm/smile.png'
]
[
  '#:)#mousexm',
  'assets/faces/mousexm/smile.gif',
  'assets/faces_png/mousexm/smile.png'
]
[
  '#:)#catxm',
  'assets/faces/catxm/smile.gif',
  'assets/faces_png/catxm/smile.png'
]
[
  '#:)#cowxm',
  'assets/faces/cowxm/smile.gif',
  'assets/faces_png/cowxm/smile.png'
]
[
  '#:)#tigerxm',
  'assets/faces/tigerxm/smile.gif',
  'assets/faces_png/tigerxm/smile.png'
]
[
  '#:)#rabbitxm',
  'assets/faces/rabbitxm/smile.gif',
  'assets/faces_png/rabbitxm/smile.png'
]
[
  '#:)#lm2xm',
  'assets/faces/lm2xm/smile.gif',
  'assets/faces_png/lm2xm/smile.png'
]
[
  '#:)#lny',
  'assets/faces/lny/smile.gif',
  'assets/faces_png/lny/smile.png'
]
[
  '#:)#mf',
  'assets/faces/mf/smile.png',
  'assets/faces_png/mf/smile.png'
]
[
  ':)',
  'assets/faces/normal/smile.gif',
  'assets/faces_png/normal/smile.png'
]
[
  '#:)#fifa',
  'assets/faces/fifa/smile.gif',
  'assets/faces_png/fifa/smile.png'
]
[
  '#:)#dog',
  'assets/faces/dog/smile.gif',
  'assets/faces_png/dog/smile.png'
]
[
  '#:)#pig',
  'assets/faces/pig/smile.gif',
  'assets/faces_png/pig/smile.png'
]
[
  '#:)#snake',
  'assets/faces/snake/smile.gif',
  'assets/faces_png/snake/smile.png'
]
[
  '#:)#mouse',
  'assets/faces/mouse/smile.gif',
  'assets/faces_png/mouse/smile.png'
]
[
  '#:)#cat',
  'assets/faces/cat/smile.gif',
  'assets/faces_png/cat/smile.png'
]
[
  '#:)#cow',
  'assets/faces/cow/smile.gif',
  'assets/faces_png/cow/smile.png'
]
[
  '#:)#tiger',
  'assets/faces/tiger/smile.gif',
  'assets/faces_png/tiger/smile.png'
]
[
  '#:)#rabbit',
  'assets/faces/rabbit/smile.gif',
  'assets/faces_png/rabbit/smile.png'
]
[
  '#:)#dragon',
  'assets/faces/dragon/smile.gif',
  'assets/faces_png/dragon/smile.png'
]
[
  '#:)#lm2',
  'assets/faces/lm2/smile.gif',
  'assets/faces_png/lm2/smile.png'
]
[
  '#:)#lm2lny',
  'assets/faces/lm2lny/smile.gif',
  'assets/faces_png/lm2lny/smile.png'
]
[
  '#:)#fs',
  'assets/faces/fs/smile.gif',
  'assets/faces_png/fs/smile.png'
]
[
  '#:)#b',
  'assets/faces/big/smile.gif',
  'assets/faces_png/big/smile.png'
]
[
  '#:)#lme',
  'assets/faces/lomoji/05.png',
  'assets/faces_png/lomoji/05.png'
]
[
  '#:)#fatc',
  'assets/faces/fatcmoji/fat001.gif',
  'assets/faces_png/fatcmoji/fat001.png'
]
[
  '#:)#husky',
  'assets/faces/husky/smile.gif',
  'assets/faces_png/husky/smile.png'
]
