17.2.8
iOS version : 4.0
LIHKG/4.00 iOS/18.3.1 iPhone/iPhone16,1
assetUrl : https://cdn.lihkg.com/upload/patch/ios.1100b.zip
LIHKG/17.2.8 Android/Pixel1
assetUrl : https://cdn.lihkg.com/upload/patch/an.645b.zip
sp
sp
sp
sp
sp
sp
sp
sp
sp
sp
sp
sp
sp
sp
sp
sp
sp
sp
sp
sp
sp
sp
sp
sp
sp
sp
sp
sp
sp
sp
sp
sp
sp
sp
sp
sp
sp
sp
sp
sp
sp
sp
sp
sp
sp
sp
sp
sp
sp
sp
sp
sp
sp
sp
sp
sp
sp
sp
sp
sp
sp
sp
sp
sp
sp
sp
sp
sp
sp
sp
sp
sp
sp
sp
sp
sp
sp
sp
sp
sp
sp
sp
sp
sp
sp
sp
sp
sp
sp
sp
sp
sp
sp
sp
sp
sp
sp
sp
sp
sp
sp
sp
sp
sp
sp
sp
sp
sp
sp
sp
sp
sp
sp
sp
sp
sp
sp
sp
sp
sp
sp
sp
sp
sp
sp
sp
sp
sp
sp
sp
sp
sp
sp
sp
sp
sp
sp
sp
sp
sp
sp
sp
sp
sp
sp
sp
sp
sp
sp
sp
sp
sp
sp
sp
sp
sp
sp
sp
sp
sp
sp
sp
sp
sp
sp
sp
sp
sp
sp
sp
sp
sp
sp
sp
sp
sp
sp
sp
sp
sp
sp
sp
sp
sp
sp
sp
sp
sp
sp
sp
sp
sp
sp
sp
sp
sp
sp
sp
sp
sp
sp
sp
sp
sp
sp
sp
sp
sp
sp
sp
sp
sp
sp
sp
sp
sp
sp
sp
sp
sp
