Android version : 17.2.8
iOS version : 4.0
LIHKG/4.00 iOS/18.3.1 iPhone/iPhone16,1
assetUrl : https://cdn.lihkg.com/upload/patch/ios.1101b.zip
LIHKG/17.2.8 Android/Pixel1
assetUrl : https://cdn.lihkg.com/upload/patch/an.646b.zip
assets/faces/lihkg/rabbit_hb_connect.gif
assets/faces/lihkg/dragon_hb_connect.gif
assets/faces/xm/369_combo.gif
assets/faces/xm/clown_combo.gif
assets/faces/xm/angry_combo.gif
assets/faces/dragonxm/angry_connect.gif
assets/faces/dragonxm/angry_connect2.gif
assets/faces/dragonxm/angry_special.gif
assets/faces/dragonxm/backpain_connect.gif
assets/faces/dragonxm/wheelchair_connect.gif
assets/faces/dogxm/beg_connect.gif
assets/faces/dogxm/fight_connect.gif
assets/faces/dogxm/fight_connect2.gif
assets/faces/dogxm/fight_connect3.gif
assets/faces/pigxm/whip_special.gif
assets/faces/pigxm/whip_connect.gif
assets/faces/pigxm/knife_connect.gif
assets/faces/pigxm/argue_connect.gif
assets/faces/pigxm/cook_connect.gif
assets/faces/mousexm/smile_special.gif
assets/faces/mousexm/vampire_special.gif
assets/faces/mousexm/gun_connect.gif
assets/faces/mousexm/stop_medicine_argue_connect.gif
assets/faces/mousexm/miracle_special.gif
assets/faces/catxm/throw_connect.gif
assets/faces/cowxm/power_special.gif
assets/faces/cowxm/bus_special.gif
assets/faces/cowxm/grab_connect.gif
assets/faces/cowxm/bicycle_connect.gif
assets/faces/tigerxm/fire_special.gif
assets/faces/tigerxm/sad_special.gif
assets/faces/tigerxm/shock_special.gif
assets/faces/tigerxm/like_special.gif
assets/faces/tigerxm/punch_special.gif
assets/faces/tigerxm/punchbag_connect.gif
assets/faces/tigerxm/lihkg_connect.gif
assets/faces/tigerxm/money_connect.gif
assets/faces/rabbitxm/clap_special.gif
assets/faces/rabbitxm/eat_connect.gif
assets/faces/rabbitxm/hammer_connect.gif
assets/faces/rabbitxm/lihkg_special.gif
assets/faces/rabbitxm/roast_connect.gif
assets/faces/rabbitxm/roast_connect2.gif
assets/faces/rabbitxm/axe_connect.gif
assets/faces/rabbitxm/roast_connect3.gif
assets/faces/rabbitxm/saw_connect.gif
assets/faces/lm2xm/credit.gif
assets/faces/mf/special.gif
assets/faces/mf/special2.gif
assets/faces/mf/special3.gif
assets/faces/mf/special4.gif
assets/faces/mf/special5.gif
assets/faces/mf/special6.gif
assets/faces/mf/special7.gif
assets/faces/mf/special8.gif
assets/faces/fifa/kill_connect.gif
assets/faces/fifa/kill2_connect.gif
assets/faces/dog/beg_connect.gif
assets/faces/dog/fight_connect.gif
assets/faces/dog/fight_connect2.gif
assets/faces/dog/fight_connect3.gif
assets/faces/dog/fight3_special.gif
assets/faces/dog/fight_special.gif
assets/faces/dog/fight3_connect.gif
assets/faces/dog/fight3_special2.gif
assets/faces/pig/whip_special.gif
assets/faces/pig/whip_connect.gif
assets/faces/pig/knife_connect.gif
assets/faces/pig/cook_connect.gif
assets/faces/pig/wine_connect.gif
assets/faces/snake/hypnosis_connect.gif
assets/faces/snake/knife_connect.gif
assets/faces/snake/shotgun_special.gif
assets/faces/snake/scream_connect.gif
assets/faces/snake/eat_special.gif
assets/faces/mouse/smile_special.gif
assets/faces/mouse/vampire_special.gif
assets/faces/mouse/miracle_special.gif
assets/faces/cat/throw_connect.gif
assets/faces/cow/power_special.gif
assets/faces/cow/bus_special.gif
assets/faces/cow/grab_connect.gif
assets/faces/tiger/fire_special.gif
assets/faces/tiger/sad_special.gif
assets/faces/tiger/shock_special.gif
assets/faces/tiger/like_special.gif
assets/faces/tiger/punch_special.gif
assets/faces/tiger/punchbag_connect.gif
assets/faces/tiger/fencing_connect.gif
assets/faces/tiger/fencing_connect2.gif
assets/faces/rabbit/clap_special.gif
assets/faces/rabbit/eat_connect.gif
assets/faces/rabbit/hammer_connect.gif
assets/faces/rabbit/lihkg_special.gif
assets/faces/rabbit/roast_connect.gif
assets/faces/rabbit/roast_special.gif
assets/faces/rabbit/axe_connect.gif
assets/faces/dragon/angry_connect.gif
assets/faces/dragon/angry_connect2.gif
assets/faces/dragon/angry_special.gif
assets/faces/dragon/backpain_connect.gif
assets/faces/dragon/wheelchair_connect.gif
assets/faces/lm2/credit.gif
assets/faces/lm2lny/credit.gif
assets/faces/husky/beg_connect.gif
assets/faces/husky/beg_connect_AB.gif
assets/faces/husky/beg_connect_BA.gif
assets/faces/husky/fight_connect.gif
assets/faces/husky/fight_connect_AB.gif
assets/faces/husky/fight_connect_BA.gif
assets/faces/lihkg/rabbit_hb_connect.gif
assets/faces/lihkg/dragon_hb_connect.gif
assets/faces/xm/369_combo.gif
assets/faces/xm/clown_combo.gif
assets/faces/xm/angry_combo.gif
assets/faces/dragonxm/angry_connect.gif
assets/faces/dragonxm/angry_connect2.gif
assets/faces/dragonxm/angry_special.gif
assets/faces/dragonxm/backpain_connect.gif
assets/faces/dragonxm/wheelchair_connect.gif
assets/faces/dogxm/beg_connect.gif
assets/faces/dogxm/fight_connect.gif
assets/faces/dogxm/fight_connect2.gif
assets/faces/dogxm/fight_connect3.gif
assets/faces/pigxm/whip_special.gif
assets/faces/pigxm/whip_connect.gif
assets/faces/pigxm/knife_connect.gif
assets/faces/pigxm/argue_connect.gif
assets/faces/pigxm/cook_connect.gif
assets/faces/mousexm/smile_special.gif
assets/faces/mousexm/vampire_special.gif
assets/faces/mousexm/gun_connect.gif
assets/faces/mousexm/stop_medicine_argue_connect.gif
assets/faces/mousexm/miracle_special.gif
assets/faces/catxm/throw_connect.gif
assets/faces/cowxm/power_special.gif
assets/faces/cowxm/bus_special.gif
assets/faces/cowxm/grab_connect.gif
assets/faces/cowxm/bicycle_connect.gif
assets/faces/tigerxm/fire_special.gif
assets/faces/tigerxm/sad_special.gif
assets/faces/tigerxm/shock_special.gif
assets/faces/tigerxm/like_special.gif
assets/faces/tigerxm/punch_special.gif
assets/faces/tigerxm/punchbag_connect.gif
assets/faces/tigerxm/lihkg_connect.gif
assets/faces/tigerxm/money_connect.gif
assets/faces/rabbitxm/clap_special.gif
assets/faces/rabbitxm/eat_connect.gif
assets/faces/rabbitxm/hammer_connect.gif
assets/faces/rabbitxm/lihkg_special.gif
assets/faces/rabbitxm/roast_connect.gif
assets/faces/rabbitxm/roast_connect2.gif
assets/faces/rabbitxm/axe_connect.gif
assets/faces/rabbitxm/roast_connect3.gif
assets/faces/rabbitxm/saw_connect.gif
assets/faces/lm2xm/credit.gif
assets/faces/mf/special.gif
assets/faces/mf/special2.gif
assets/faces/mf/special3.gif
assets/faces/mf/special4.gif
assets/faces/mf/special5.gif
assets/faces/mf/special6.gif
assets/faces/mf/special7.gif
assets/faces/mf/special8.gif
assets/faces/fifa/kill_connect.gif
assets/faces/fifa/kill2_connect.gif
assets/faces/dog/beg_connect.gif
assets/faces/dog/fight_connect.gif
assets/faces/dog/fight_connect2.gif
assets/faces/dog/fight_connect3.gif
assets/faces/dog/fight3_special.gif
assets/faces/dog/fight_special.gif
assets/faces/dog/fight3_connect.gif
assets/faces/dog/fight3_special2.gif
assets/faces/pig/whip_special.gif
assets/faces/pig/whip_connect.gif
assets/faces/pig/knife_connect.gif
assets/faces/pig/cook_connect.gif
assets/faces/pig/wine_connect.gif
assets/faces/snake/hypnosis_connect.gif
assets/faces/snake/knife_connect.gif
assets/faces/snake/shotgun_special.gif
assets/faces/snake/scream_connect.gif
assets/faces/snake/eat_special.gif
assets/faces/mouse/smile_special.gif
assets/faces/mouse/vampire_special.gif
assets/faces/mouse/miracle_special.gif
assets/faces/cat/throw_connect.gif
assets/faces/cow/power_special.gif
assets/faces/cow/bus_special.gif
assets/faces/cow/grab_connect.gif
assets/faces/tiger/fire_special.gif
assets/faces/tiger/sad_special.gif
assets/faces/tiger/shock_special.gif
assets/faces/tiger/like_special.gif
assets/faces/tiger/punch_special.gif
assets/faces/tiger/punchbag_connect.gif
assets/faces/tiger/fencing_connect.gif
assets/faces/tiger/fencing_connect2.gif
assets/faces/rabbit/clap_special.gif
assets/faces/rabbit/eat_connect.gif
assets/faces/rabbit/hammer_connect.gif
assets/faces/rabbit/lihkg_special.gif
assets/faces/rabbit/roast_connect.gif
assets/faces/rabbit/roast_special.gif
assets/faces/rabbit/axe_connect.gif
assets/faces/dragon/angry_connect.gif
assets/faces/dragon/angry_connect2.gif
assets/faces/dragon/angry_special.gif
assets/faces/dragon/backpain_connect.gif
assets/faces/dragon/wheelchair_connect.gif
assets/faces/lm2/credit.gif
assets/faces/lm2lny/credit.gif
assets/faces/husky/beg_connect.gif
assets/faces/husky/beg_connect_AB.gif
assets/faces/husky/beg_connect_BA.gif
assets/faces/husky/fight_connect.gif
assets/faces/husky/fight_connect_AB.gif
assets/faces/husky/fight_connect_BA.gif
