17.2.8
iOS version : 4.0
LIHKG/4.00 iOS/18.3.1 iPhone/iPhone16,1
assetUrl : https://cdn.lihkg.com/upload/patch/ios.1100b.zip
LIHKG/17.2.8 Android/Pixel1
assetUrl : https://cdn.lihkg.com/upload/patch/an.645b.zip
assets/iosfaces/lihkg/smile_hb.gif
assets/iosfaces/rip/flower.gif
assets/iosfaces/xm/smile.gif
assets/iosfaces/dragonxm/smile.gif
assets/iosfaces/dogxm/smile.gif
assets/iosfaces/pigxm/smile.gif
assets/iosfaces/mousexm/smile.gif
assets/iosfaces/catxm/smile.gif
assets/iosfaces/cowxm/smile.gif
assets/iosfaces/tigerxm/smile.gif
assets/iosfaces/rabbitxm/smile.gif
assets/iosfaces/lm2xm/smile.gif
assets/iosfaces/lny/smile.gif
assets/iosfaces/mf/smile.png
assets/iosfaces/normal/smile.gif
assets/iosfaces/fifa/smile.gif
assets/iosfaces/dog/smile.gif
assets/iosfaces/pig/smile.gif
assets/iosfaces/snake/smile.gif
assets/iosfaces/mouse/smile.gif
assets/iosfaces/cat/smile.gif
assets/iosfaces/cow/smile.gif
assets/iosfaces/tiger/smile.gif
assets/iosfaces/rabbit/smile.gif
assets/iosfaces/dragon/smile.gif
assets/iosfaces/lm2/smile.gif
assets/iosfaces/lm2lny/smile.gif
assets/iosfaces/fs/smile.gif
assets/iosfaces/big/smile.gif
assets/iosfaces/lomoji/05.png
assets/iosfaces/fatcmoji/fat001.gif
assets/iosfaces/husky/smile.gif
assets/androidfaces/lihkg/smile_hb.gif
assets/androidfaces/rip/flower.gif
assets/androidfaces/xm/smile.gif
assets/androidfaces/dragonxm/smile.gif
assets/androidfaces/dogxm/smile.gif
assets/androidfaces/pigxm/smile.gif
assets/androidfaces/mousexm/smile.gif
assets/androidfaces/catxm/smile.gif
assets/androidfaces/cowxm/smile.gif
assets/androidfaces/tigerxm/smile.gif
assets/androidfaces/rabbitxm/smile.gif
assets/androidfaces/lm2xm/smile.gif
assets/androidfaces/lny/smile.gif
assets/androidfaces/mf/smile.png
assets/androidfaces/normal/smile.gif
assets/androidfaces/fifa/smile.gif
assets/androidfaces/dog/smile.gif
assets/androidfaces/pig/smile.gif
assets/androidfaces/snake/smile.gif
assets/androidfaces/mouse/smile.gif
assets/androidfaces/cat/smile.gif
assets/androidfaces/cow/smile.gif
assets/androidfaces/tiger/smile.gif
assets/androidfaces/rabbit/smile.gif
assets/androidfaces/dragon/smile.gif
assets/androidfaces/lm2/smile.gif
assets/androidfaces/lm2lny/smile.gif
assets/androidfaces/fs/smile.gif
assets/androidfaces/big/smile.gif
assets/androidfaces/lomoji/05.png
assets/androidfaces/fatcmoji/fat001.gif
assets/androidfaces/husky/smile.gif
